<?xml version="1.0" encoding="UTF-8"?>
<!-- Generated by org.testng.reporters.JUnitXMLReporter -->
<testsuite ignored="0" hostname="DESKTOP-A8HT28E" failures="0" tests="3" name="basic2Functionalities" time="20.174" errors="0" timestamp="2023-06-03T23:36:37 IST">
  <testcase classname="SauceLab.cartPage" name="cartPge" time="8.164"/>
  <testcase classname="SauceLab.cartPage" name="verifyCartPage" time="2.829"/>
  <testcase classname="SauceLab.cartPage" name="verifyButtons" time="2.747"/>
</testsuite> <!-- basic2Functionalities -->
