<?xml version="1.0" encoding="UTF-8"?>
<!-- Generated by org.testng.reporters.JUnitXMLReporter -->
<testsuite ignored="0" hostname="DESKTOP-A8HT28E" failures="0" tests="3" name="basicFunctionalities" time="22.52" errors="0" timestamp="2023-06-03T23:34:31 IST">
  <testcase classname="SauceLab.cartPage" name="cartPge" time="8.085"/>
  <testcase classname="SauceLab.cartPage" name="verifyCartPage" time="2.712"/>
  <testcase classname="SauceLab.cartPage" name="verifyButtons" time="2.723"/>
</testsuite> <!-- basicFunctionalities -->
