<?xml version="1.0" encoding="UTF-8"?>
<!-- Generated by org.testng.reporters.JUnitXMLReporter -->
<testsuite ignored="3" hostname="DESKTOP-A8HT28E" failures="0" tests="3" name="basic1Functionalities" time="52.265" errors="0" timestamp="2023-06-07T07:44:30 IST">
  <testcase classname="SauceLab.login" name="logIn" time="8.076"/>
  <testcase classname="SauceLab.cartPage" name="cartPge" time="7.684"/>
  <testcase classname="SauceLab.cartPage" name="verifyCartPage" time="6.547"/>
  <testcase classname="SauceLab.login" name="listOfOptions" time="0.0">
    <ignored/>
  </testcase> <!-- listOfOptions -->
  <testcase classname="SauceLab.login" name="logoText" time="0.0">
    <ignored/>
  </testcase> <!-- logoText -->
  <testcase classname="SauceLab.cartPage" name="verifyButtons" time="0.0">
    <ignored/>
  </testcase> <!-- verifyButtons -->
</testsuite> <!-- basic1Functionalities -->
