<?xml version="1.0" encoding="UTF-8"?>
<!-- Generated by org.testng.reporters.JUnitXMLReporter -->
<testsuite ignored="3" hostname="DESKTOP-A8HT28E" failures="0" tests="2" name="testing include and exclude methods " time="34.306" errors="0" timestamp="2023-05-20T17:19:04 IST">
  <testcase classname="PracticeAutomation.PracticeAutomationHomepage" name="HomePage" time="0.458"/>
  <testcase classname="PracticeAutomation.MyAccountPage" name="registerValidation" time="4.77"/>
  <testcase classname="PracticeAutomation.PracticeAutomationHomepage" name="logo" time="0.0">
    <ignored/>
  </testcase> <!-- logo -->
  <testcase classname="PracticeAutomation.PracticeAutomationHomepage" name="SubscrieHere" time="0.0">
    <ignored/>
  </testcase> <!-- SubscrieHere -->
  <testcase classname="PracticeAutomation.MyAccountPage" name="MyAccountPageTest" time="0.0">
    <ignored/>
  </testcase> <!-- MyAccountPageTest -->
</testsuite> <!-- testing include and exclude methods  -->
