<?xml version="1.0" encoding="UTF-8"?>
<!-- Generated by org.testng.reporters.JUnitXMLReporter -->
<testsuite ignored="0" hostname="DESKTOP-A8HT28E" failures="0" tests="3" name="Default test" time="55.133" errors="0" timestamp="2023-06-07T07:45:58 IST">
  <testcase classname="SauceLab.login" name="listOfOptions" time="17.411"/>
  <testcase classname="SauceLab.login" name="logIn" time="7.118"/>
  <testcase classname="SauceLab.login" name="logoText" time="5.027"/>
</testsuite> <!-- Default test -->
