<?xml version="1.0" encoding="UTF-8"?>
<testng-results ignored="0" total="2" passed="2" failed="0" skipped="0">
  <reporter-output>
  </reporter-output>
  <suite started-at="2023-07-13T15:50:14 IST" name="Default suite" finished-at="2023-07-13T15:51:03 IST" duration-ms="48764">
    <groups>
    </groups>
    <test started-at="2023-07-13T15:50:14 IST" name="Default test" finished-at="2023-07-13T15:51:03 IST" duration-ms="48764">
      <class name="MakeMyTrip.MakeMyTripCode">
        <test-method is-config="true" signature="beforeMethod()[pri:0, instance:MakeMyTrip.MakeMyTripCode@2e385cce]" started-at="2023-07-13T15:50:14 IST" name="beforeMethod" finished-at="2023-07-13T15:50:30 IST" duration-ms="16334" status="PASS">
          <reporter-output>
          </reporter-output>
        </test-method> <!-- beforeMethod -->
        <test-method signature="MakeMyTripLogo()[pri:1, instance:MakeMyTrip.MakeMyTripCode@2e385cce]" started-at="2023-07-13T15:50:30 IST" name="MakeMyTripLogo" finished-at="2023-07-13T15:50:30 IST" duration-ms="97" status="PASS">
          <reporter-output>
          </reporter-output>
        </test-method> <!-- MakeMyTripLogo -->
        <test-method is-config="true" signature="TearDownMethod()[pri:0, instance:MakeMyTrip.MakeMyTripCode@2e385cce]" started-at="2023-07-13T15:50:30 IST" name="TearDownMethod" finished-at="2023-07-13T15:50:33 IST" duration-ms="2687" status="PASS">
          <reporter-output>
          </reporter-output>
        </test-method> <!-- TearDownMethod -->
        <test-method is-config="true" signature="beforeMethod()[pri:0, instance:MakeMyTrip.MakeMyTripCode@2e385cce]" started-at="2023-07-13T15:50:33 IST" name="beforeMethod" finished-at="2023-07-13T15:50:50 IST" duration-ms="16497" status="PASS">
          <reporter-output>
          </reporter-output>
        </test-method> <!-- beforeMethod -->
        <test-method signature="selectFromAndTo()[pri:2, instance:MakeMyTrip.MakeMyTripCode@2e385cce]" started-at="2023-07-13T15:50:50 IST" name="selectFromAndTo" finished-at="2023-07-13T15:51:00 IST" duration-ms="10797" status="PASS">
          <reporter-output>
          </reporter-output>
        </test-method> <!-- selectFromAndTo -->
        <test-method is-config="true" signature="TearDownMethod()[pri:0, instance:MakeMyTrip.MakeMyTripCode@2e385cce]" started-at="2023-07-13T15:51:00 IST" name="TearDownMethod" finished-at="2023-07-13T15:51:03 IST" duration-ms="2281" status="PASS">
          <reporter-output>
          </reporter-output>
        </test-method> <!-- TearDownMethod -->
      </class> <!-- MakeMyTrip.MakeMyTripCode -->
    </test> <!-- Default test -->
  </suite> <!-- Default suite -->
</testng-results>
