<?xml version="1.0" encoding="UTF-8"?>
<testng-results ignored="0" total="2" passed="2" failed="0" skipped="0">
  <reporter-output>
  </reporter-output>
  <suite started-at="2023-07-10T09:47:19 IST" name="Default suite" finished-at="2023-07-10T09:48:30 IST" duration-ms="71279">
    <groups>
    </groups>
    <test started-at="2023-07-10T09:47:19 IST" name="Default test" finished-at="2023-07-10T09:48:30 IST" duration-ms="71279">
      <class name="MakeMyTrip.MakeMyTripCode">
        <test-method is-config="true" signature="beforeMethod()[pri:0, instance:MakeMyTrip.MakeMyTripCode@2e385cce]" started-at="2023-07-10T09:47:19 IST" name="beforeMethod" finished-at="2023-07-10T09:47:53 IST" duration-ms="33650" status="PASS">
          <reporter-output>
          </reporter-output>
        </test-method> <!-- beforeMethod -->
        <test-method signature="MakeMyTripLogo()[pri:1, instance:MakeMyTrip.MakeMyTripCode@2e385cce]" started-at="2023-07-10T09:47:53 IST" name="MakeMyTripLogo" finished-at="2023-07-10T09:47:53 IST" duration-ms="155" status="PASS">
          <reporter-output>
          </reporter-output>
        </test-method> <!-- MakeMyTripLogo -->
        <test-method is-config="true" signature="TearDownMethod()[pri:0, instance:MakeMyTrip.MakeMyTripCode@2e385cce]" started-at="2023-07-10T09:47:53 IST" name="TearDownMethod" finished-at="2023-07-10T09:47:56 IST" duration-ms="2422" status="PASS">
          <reporter-output>
          </reporter-output>
        </test-method> <!-- TearDownMethod -->
        <test-method is-config="true" signature="beforeMethod()[pri:0, instance:MakeMyTrip.MakeMyTripCode@2e385cce]" started-at="2023-07-10T09:47:56 IST" name="beforeMethod" finished-at="2023-07-10T09:48:11 IST" duration-ms="15750" status="PASS">
          <reporter-output>
          </reporter-output>
        </test-method> <!-- beforeMethod -->
        <test-method signature="selectFromAndTo()[pri:2, instance:MakeMyTrip.MakeMyTripCode@2e385cce]" started-at="2023-07-10T09:48:11 IST" name="selectFromAndTo" finished-at="2023-07-10T09:48:28 IST" duration-ms="16742" status="PASS">
          <reporter-output>
          </reporter-output>
        </test-method> <!-- selectFromAndTo -->
        <test-method is-config="true" signature="TearDownMethod()[pri:0, instance:MakeMyTrip.MakeMyTripCode@2e385cce]" started-at="2023-07-10T09:48:28 IST" name="TearDownMethod" finished-at="2023-07-10T09:48:30 IST" duration-ms="2453" status="PASS">
          <reporter-output>
          </reporter-output>
        </test-method> <!-- TearDownMethod -->
      </class> <!-- MakeMyTrip.MakeMyTripCode -->
    </test> <!-- Default test -->
  </suite> <!-- Default suite -->
</testng-results>
