<?xml version="1.0" encoding="UTF-8"?>
<!-- Generated by org.testng.reporters.JUnitXMLReporter -->
<testsuite ignored="0" hostname="DESKTOP-A8HT28E" failures="1" tests="2" name="Release 2023.sanity test" time="36.895" errors="0" timestamp="2023-03-11T17:43:02 IST">
  <testcase classname="com.SDET.eBayAdvancedSearchSanity" name="advancedSearch" time="7.784"/>
  <testcase classname="com.SDET.eBayAdvancedSearchSanity" name="allCategories" time="5.322">
    <failure type="java.lang.AssertionError" message="checking list is sorted : Lists differ at element [14]: DVDs &amp;amp; Movies != Dolls &amp;amp; Bears expected [DVDs &amp;amp; Movies] but found [Dolls &amp;amp; Bears]">
      <![CDATA[java.lang.AssertionError: checking list is sorted : Lists differ at element [14]: DVDs & Movies != Dolls & Bears expected [DVDs & Movies] but found [Dolls & Bears]
at com.SDET.eBayAdvancedSearchSanity.allCategories(eBayAdvancedSearchSanity.java:44)
at java.base/java.util.ArrayList.forEach(ArrayList.java:1541)
... Removed 31 stack frames]]>
    </failure>
  </testcase> <!-- allCategories -->
</testsuite> <!-- Release 2023.sanity test -->
