<?xml version="1.0" encoding="UTF-8"?>
<testng-results ignored="0" total="3" passed="3" failed="0" skipped="0">
  <reporter-output>
  </reporter-output>
  <suite started-at="2023-06-07T07:45:03 IST" name="Default suite" finished-at="2023-06-07T07:45:58 IST" duration-ms="55133">
    <groups>
      <group name="p0">
        <method signature="login.logIn()[pri:2, instance:SauceLab.login@f78a47e]" name="logIn" class="SauceLab.login"/>
      </group> <!-- p0 -->
      <group name="p1">
        <method signature="login.listOfOptions()[pri:1, instance:SauceLab.login@f78a47e]" name="listOfOptions" class="SauceLab.login"/>
        <method signature="login.logIn()[pri:2, instance:SauceLab.login@f78a47e]" name="logIn" class="SauceLab.login"/>
        <method signature="login.logoText()[pri:3, instance:SauceLab.login@f78a47e]" name="logoText" class="SauceLab.login"/>
      </group> <!-- p1 -->
      <group name="p2">
        <method signature="login.listOfOptions()[pri:1, instance:SauceLab.login@f78a47e]" name="listOfOptions" class="SauceLab.login"/>
      </group> <!-- p2 -->
      <group name="p3">
        <method signature="login.logoText()[pri:3, instance:SauceLab.login@f78a47e]" name="logoText" class="SauceLab.login"/>
      </group> <!-- p3 -->
    </groups>
    <test started-at="2023-06-07T07:45:03 IST" name="Default test" finished-at="2023-06-07T07:45:58 IST" duration-ms="55133">
      <class name="SauceLab.login">
        <test-method is-config="true" signature="beforeMethod(java.lang.String,java.lang.String)[pri:0, instance:SauceLab.login@f78a47e]" started-at="2023-06-07T07:45:03 IST" name="beforeMethod" finished-at="2023-06-07T07:45:11 IST" duration-ms="8277" status="PASS">
          <params>
            <param index="0">
              <value>
                <![CDATA[Edge]]>
              </value>
            </param>
            <param index="1">
              <value>
                <![CDATA[C:\Users\ashok gollapalli\eclipse-workspace\cucumberBDD\JLLTestNG\msedgedriver.exe]]>
              </value>
            </param>
          </params>
          <reporter-output>
          </reporter-output>
        </test-method> <!-- beforeMethod -->
        <test-method signature="listOfOptions()[pri:1, instance:SauceLab.login@f78a47e]" started-at="2023-06-07T07:45:11 IST" name="listOfOptions" finished-at="2023-06-07T07:45:29 IST" duration-ms="17411" status="PASS">
          <reporter-output>
          </reporter-output>
        </test-method> <!-- listOfOptions -->
        <test-method is-config="true" signature="afterMethod()[pri:0, instance:SauceLab.login@f78a47e]" started-at="2023-06-07T07:45:29 IST" name="afterMethod" finished-at="2023-06-07T07:45:32 IST" duration-ms="2722" status="PASS">
          <reporter-output>
          </reporter-output>
        </test-method> <!-- afterMethod -->
        <test-method is-config="true" signature="beforeMethod(java.lang.String,java.lang.String)[pri:0, instance:SauceLab.login@f78a47e]" started-at="2023-06-07T07:45:32 IST" name="beforeMethod" finished-at="2023-06-07T07:45:37 IST" duration-ms="5084" status="PASS">
          <params>
            <param index="0">
              <value>
                <![CDATA[Edge]]>
              </value>
            </param>
            <param index="1">
              <value>
                <![CDATA[C:\Users\ashok gollapalli\eclipse-workspace\cucumberBDD\JLLTestNG\msedgedriver.exe]]>
              </value>
            </param>
          </params>
          <reporter-output>
          </reporter-output>
        </test-method> <!-- beforeMethod -->
        <test-method signature="logIn()[pri:2, instance:SauceLab.login@f78a47e]" started-at="2023-06-07T07:45:37 IST" name="logIn" finished-at="2023-06-07T07:45:44 IST" duration-ms="7118" status="PASS">
          <reporter-output>
          </reporter-output>
        </test-method> <!-- logIn -->
        <test-method is-config="true" signature="afterMethod()[pri:0, instance:SauceLab.login@f78a47e]" started-at="2023-06-07T07:45:44 IST" name="afterMethod" finished-at="2023-06-07T07:45:47 IST" duration-ms="2677" status="PASS">
          <reporter-output>
          </reporter-output>
        </test-method> <!-- afterMethod -->
        <test-method is-config="true" signature="beforeMethod(java.lang.String,java.lang.String)[pri:0, instance:SauceLab.login@f78a47e]" started-at="2023-06-07T07:45:47 IST" name="beforeMethod" finished-at="2023-06-07T07:45:51 IST" duration-ms="4428" status="PASS">
          <params>
            <param index="0">
              <value>
                <![CDATA[Edge]]>
              </value>
            </param>
            <param index="1">
              <value>
                <![CDATA[C:\Users\ashok gollapalli\eclipse-workspace\cucumberBDD\JLLTestNG\msedgedriver.exe]]>
              </value>
            </param>
          </params>
          <reporter-output>
          </reporter-output>
        </test-method> <!-- beforeMethod -->
        <test-method signature="logoText()[pri:3, instance:SauceLab.login@f78a47e]" started-at="2023-06-07T07:45:51 IST" name="logoText" finished-at="2023-06-07T07:45:56 IST" duration-ms="5027" status="PASS">
          <reporter-output>
          </reporter-output>
        </test-method> <!-- logoText -->
        <test-method is-config="true" signature="afterMethod()[pri:0, instance:SauceLab.login@f78a47e]" started-at="2023-06-07T07:45:56 IST" name="afterMethod" finished-at="2023-06-07T07:45:58 IST" duration-ms="2285" status="PASS">
          <reporter-output>
          </reporter-output>
        </test-method> <!-- afterMethod -->
      </class> <!-- SauceLab.login -->
    </test> <!-- Default test -->
  </suite> <!-- Default suite -->
</testng-results>
