<?xml version="1.0" encoding="UTF-8"?>
<!-- Generated by org.testng.reporters.JUnitXMLReporter -->
<testsuite ignored="2" hostname="DESKTOP-A8HT28E" failures="0" tests="3" name="SauceDemo" time="82.61" errors="0" timestamp="2023-05-29T09:42:05 IST">
  <testcase classname="SauceLab.cartPage" name="cartPge" time="2.214"/>
  <testcase classname="SauceLab.login" name="logIn" time="0.78"/>
  <testcase classname="SauceLab.login" name="logoText" time="0.078"/>
  <testcase classname="SauceLab.cartPage" name="verifyCartPage" time="0.0">
    <ignored/>
  </testcase> <!-- verifyCartPage -->
  <testcase classname="SauceLab.cartPage" name="verifyButtons" time="0.0">
    <ignored/>
  </testcase> <!-- verifyButtons -->
</testsuite> <!-- SauceDemo -->
