<?xml version="1.0" encoding="UTF-8"?>
<testng-results ignored="0" total="2" passed="2" failed="0" skipped="0">
  <reporter-output>
  </reporter-output>
  <suite started-at="2023-07-11T10:56:49 IST" name="Suite" finished-at="2023-07-11T10:58:26 IST" duration-ms="96590">
    <groups>
    </groups>
    <test started-at="2023-07-11T10:56:49 IST" name="Test" finished-at="2023-07-11T10:58:26 IST" duration-ms="96590">
      <class name="MakeMyTrip.MakeMyTripCode">
        <test-method is-config="true" signature="beforeMethod()[pri:0, instance:MakeMyTrip.MakeMyTripCode@4b0d79fc]" started-at="2023-07-11T10:56:49 IST" name="beforeMethod" finished-at="2023-07-11T10:57:30 IST" duration-ms="40533" status="PASS">
          <reporter-output>
          </reporter-output>
        </test-method> <!-- beforeMethod -->
        <test-method signature="MakeMyTripLogo()[pri:1, instance:MakeMyTrip.MakeMyTripCode@4b0d79fc]" started-at="2023-07-11T10:57:30 IST" name="MakeMyTripLogo" finished-at="2023-07-11T10:57:30 IST" duration-ms="146" status="PASS">
          <reporter-output>
          </reporter-output>
        </test-method> <!-- MakeMyTripLogo -->
        <test-method is-config="true" signature="TearDownMethod()[pri:0, instance:MakeMyTrip.MakeMyTripCode@4b0d79fc]" started-at="2023-07-11T10:57:30 IST" name="TearDownMethod" finished-at="2023-07-11T10:57:33 IST" duration-ms="2878" status="PASS">
          <reporter-output>
          </reporter-output>
        </test-method> <!-- TearDownMethod -->
        <test-method is-config="true" signature="beforeMethod()[pri:0, instance:MakeMyTrip.MakeMyTripCode@4b0d79fc]" started-at="2023-07-11T10:57:33 IST" name="beforeMethod" finished-at="2023-07-11T10:58:06 IST" duration-ms="33537" status="PASS">
          <reporter-output>
          </reporter-output>
        </test-method> <!-- beforeMethod -->
        <test-method signature="selectFromAndTo()[pri:2, instance:MakeMyTrip.MakeMyTripCode@4b0d79fc]" started-at="2023-07-11T10:58:06 IST" name="selectFromAndTo" finished-at="2023-07-11T10:58:23 IST" duration-ms="16479" status="PASS">
          <reporter-output>
          </reporter-output>
        </test-method> <!-- selectFromAndTo -->
        <test-method is-config="true" signature="TearDownMethod()[pri:0, instance:MakeMyTrip.MakeMyTripCode@4b0d79fc]" started-at="2023-07-11T10:58:23 IST" name="TearDownMethod" finished-at="2023-07-11T10:58:26 IST" duration-ms="2930" status="PASS">
          <reporter-output>
          </reporter-output>
        </test-method> <!-- TearDownMethod -->
      </class> <!-- MakeMyTrip.MakeMyTripCode -->
    </test> <!-- Test -->
  </suite> <!-- Suite -->
</testng-results>
