<?xml version="1.0" encoding="UTF-8"?>
<testng-results ignored="0" total="2" passed="2" failed="0" skipped="0">
  <reporter-output>
  </reporter-output>
  <suite started-at="2023-07-10T09:40:25 IST" name="Suite" finished-at="2023-07-10T09:41:25 IST" duration-ms="60216">
    <groups>
    </groups>
    <test started-at="2023-07-10T09:40:25 IST" name="Test" finished-at="2023-07-10T09:41:25 IST" duration-ms="60216">
      <class name="MakeMyTrip.MakeMyTripCode">
        <test-method is-config="true" signature="beforeMethod()[pri:0, instance:MakeMyTrip.MakeMyTripCode@4b0d79fc]" started-at="2023-07-10T09:40:25 IST" name="beforeMethod" finished-at="2023-07-10T09:40:41 IST" duration-ms="16689" status="PASS">
          <reporter-output>
          </reporter-output>
        </test-method> <!-- beforeMethod -->
        <test-method signature="MakeMyTripLogo()[pri:1, instance:MakeMyTrip.MakeMyTripCode@4b0d79fc]" started-at="2023-07-10T09:40:41 IST" name="MakeMyTripLogo" finished-at="2023-07-10T09:40:41 IST" duration-ms="100" status="PASS">
          <reporter-output>
          </reporter-output>
        </test-method> <!-- MakeMyTripLogo -->
        <test-method is-config="true" signature="TearDownMethod()[pri:0, instance:MakeMyTrip.MakeMyTripCode@4b0d79fc]" started-at="2023-07-10T09:40:41 IST" name="TearDownMethod" finished-at="2023-07-10T09:40:45 IST" duration-ms="4016" status="PASS">
          <reporter-output>
          </reporter-output>
        </test-method> <!-- TearDownMethod -->
        <test-method is-config="true" signature="beforeMethod()[pri:0, instance:MakeMyTrip.MakeMyTripCode@4b0d79fc]" started-at="2023-07-10T09:40:45 IST" name="beforeMethod" finished-at="2023-07-10T09:41:06 IST" duration-ms="20245" status="PASS">
          <reporter-output>
          </reporter-output>
        </test-method> <!-- beforeMethod -->
        <test-method signature="selectFromAndTo()[pri:2, instance:MakeMyTrip.MakeMyTripCode@4b0d79fc]" started-at="2023-07-10T09:41:06 IST" name="selectFromAndTo" finished-at="2023-07-10T09:41:22 IST" duration-ms="16765" status="PASS">
          <reporter-output>
          </reporter-output>
        </test-method> <!-- selectFromAndTo -->
        <test-method is-config="true" signature="TearDownMethod()[pri:0, instance:MakeMyTrip.MakeMyTripCode@4b0d79fc]" started-at="2023-07-10T09:41:22 IST" name="TearDownMethod" finished-at="2023-07-10T09:41:25 IST" duration-ms="2321" status="PASS">
          <reporter-output>
          </reporter-output>
        </test-method> <!-- TearDownMethod -->
      </class> <!-- MakeMyTrip.MakeMyTripCode -->
    </test> <!-- Test -->
  </suite> <!-- Suite -->
</testng-results>
